<?xml version="1.0" encoding="UTF-8"?>
<testsuite name="org.example.QueryStringsTest" tests="1" skipped="0" failures="0" errors="0" timestamp="2023-04-27T01:43:17" hostname="DESKTOP-DA4NFB7" time="0.056">
  <properties/>
  <testcase name="createTest()" classname="org.example.QueryStringsTest" time="0.056"/>
  <system-out><![CDATA[]]></system-out>
  <system-err><![CDATA[]]></system-err>
</testsuite>
